<?xml version="1.0" encoding="UTF-8"?>
<testng-results ignored="1" total="4" passed="3" failed="0" skipped="0">
  <reporter-output>
  </reporter-output>
  <suite started-at="2025-05-06T10:03:40 EET" name="Default suite" finished-at="2025-05-06T10:03:45 EET" duration-ms="5032">
    <groups>
    </groups>
    <test started-at="2025-05-06T10:03:40 EET" name="Default test" finished-at="2025-05-06T10:03:45 EET" duration-ms="5032">
      <class name="myClass">
        <test-method is-config="true" signature="mySetup()[pri:0, instance:myClass@65fe9e33]" started-at="2025-05-06T10:03:40 EET" name="mySetup" finished-at="2025-05-06T10:03:42 EET" duration-ms="2203" status="PASS">
          <reporter-output>
          </reporter-output>
        </test-method> <!-- mySetup -->
        <test-method signature="login()[pri:1, instance:myClass@65fe9e33]" started-at="2025-05-06T10:03:42 EET" name="login" finished-at="2025-05-06T10:03:43 EET" duration-ms="224" status="PASS">
          <reporter-output>
          </reporter-output>
        </test-method> <!-- login -->
        <test-method signature="addAllItems()[pri:2, instance:myClass@65fe9e33]" started-at="2025-05-06T10:03:43 EET" name="addAllItems" finished-at="2025-05-06T10:03:45 EET" duration-ms="2291" status="PASS">
          <reporter-output>
          </reporter-output>
        </test-method> <!-- addAllItems -->
        <test-method signature="removeAllItem()[pri:3, instance:myClass@65fe9e33]" started-at="2025-05-06T10:03:45 EET" name="removeAllItem" finished-at="2025-05-06T10:03:45 EET" duration-ms="269" status="PASS">
          <reporter-output>
          </reporter-output>
        </test-method> <!-- removeAllItem -->
        <test-method is-config="true" signature="myAfterTest()[pri:0, instance:myClass@65fe9e33]" started-at="2025-05-06T10:03:45 EET" name="myAfterTest" finished-at="2025-05-06T10:03:45 EET" duration-ms="0" status="PASS">
          <reporter-output>
          </reporter-output>
        </test-method> <!-- myAfterTest -->
      </class> <!-- myClass -->
    </test> <!-- Default test -->
  </suite> <!-- Default suite -->
</testng-results>
