<?xml version="1.0" encoding="UTF-8"?>
<!-- Generated by org.testng.reporters.JUnitXMLReporter -->
<testsuite ignored="0" hostname="DESKTOP-GBHCGTC" failures="0" tests="4" name="Default test" time="6.278" errors="0" timestamp="2025-05-05T14:17:45 EET">
  <testcase classname="mytest" name="login" time="0.23"/>
  <testcase classname="mytest" name="addRandomIteam" time="2.067"/>
  <testcase classname="mytest" name="removeOneRandomItem" time="0.069"/>
  <testcase classname="mytest" name="logout" time="1.195"/>
</testsuite> <!-- Default test -->
