<?xml version="1.0" encoding="UTF-8"?>
<!-- Generated by org.testng.reporters.JUnitXMLReporter -->
<testsuite ignored="12" hostname="DESKTOP-GBHCGTC" failures="0" tests="1" name="Default test" time="16.398" errors="0" timestamp="2025-05-07T13:20:17 EET">
  <testcase classname="lesson8" name="Calender" time="8.655"/>
  <testcase classname="lesson8" name="SelectTag" time="0.0">
    <ignored/>
  </testcase> <!-- SelectTag -->
  <testcase classname="lesson8" name="RadioButton" time="0.0">
    <ignored/>
  </testcase> <!-- RadioButton -->
  <testcase classname="lesson8" name="Element_Displayed" time="0.0">
    <ignored/>
  </testcase> <!-- Element_Displayed -->
  <testcase classname="lesson8" name="myTest" time="0.0">
    <ignored/>
  </testcase> <!-- myTest -->
  <testcase classname="lesson8" name="Confirm_Example" time="0.0">
    <ignored/>
  </testcase> <!-- Confirm_Example -->
  <testcase classname="lesson8" name="Swich_Windows" time="0.0">
    <ignored/>
  </testcase> <!-- Swich_Windows -->
  <testcase classname="lesson8" name="Switch_Tab_Example" time="0.0">
    <ignored/>
  </testcase> <!-- Switch_Tab_Example -->
  <testcase classname="lesson8" name="CheckBox" time="0.0">
    <ignored/>
  </testcase> <!-- CheckBox -->
  <testcase classname="lesson8" name="Enabled_Disabled" time="0.0">
    <ignored/>
  </testcase> <!-- Enabled_Disabled -->
  <testcase classname="lesson8" name="Table" time="0.0">
    <ignored/>
  </testcase> <!-- Table -->
  <testcase classname="lesson8" name="MouseHover" time="0.0">
    <ignored/>
  </testcase> <!-- MouseHover -->
  <testcase classname="lesson8" name="Alert_Example" time="0.0">
    <ignored/>
  </testcase> <!-- Alert_Example -->
</testsuite> <!-- Default test -->
