<?xml version="1.0" encoding="UTF-8"?>
<testng-results ignored="0" total="2" passed="2" failed="0" skipped="0">
  <reporter-output>
  </reporter-output>
  <suite started-at="2025-05-06T12:59:15 EET" name="Default suite" finished-at="2025-05-06T12:59:18 EET" duration-ms="2692">
    <groups>
    </groups>
    <test started-at="2025-05-06T12:59:15 EET" name="Default test" finished-at="2025-05-06T12:59:18 EET" duration-ms="2692">
      <class name="task2">
        <test-method is-config="true" signature="mySetup()[pri:0, instance:task2@44040454]" started-at="2025-05-06T12:59:15 EET" name="mySetup" finished-at="2025-05-06T12:59:17 EET" duration-ms="2348" status="PASS">
          <reporter-output>
          </reporter-output>
        </test-method> <!-- mySetup -->
        <test-method signature="login()[pri:0, instance:task2@44040454]" started-at="2025-05-06T12:59:17 EET" name="login" finished-at="2025-05-06T12:59:18 EET" duration-ms="230" status="PASS">
          <reporter-output>
          </reporter-output>
        </test-method> <!-- login -->
        <test-method signature="IteamsWithouTLetterAtTheEnd()[pri:1, instance:task2@44040454]" started-at="2025-05-06T12:59:18 EET" name="IteamsWithouTLetterAtTheEnd" finished-at="2025-05-06T12:59:18 EET" duration-ms="77" status="PASS">
          <reporter-output>
          </reporter-output>
        </test-method> <!-- IteamsWithouTLetterAtTheEnd -->
        <test-method is-config="true" signature="after()[pri:0, instance:task2@44040454]" started-at="2025-05-06T12:59:18 EET" name="after" finished-at="2025-05-06T12:59:18 EET" duration-ms="0" status="PASS">
          <reporter-output>
          </reporter-output>
        </test-method> <!-- after -->
      </class> <!-- task2 -->
    </test> <!-- Default test -->
  </suite> <!-- Default suite -->
</testng-results>
