<?xml version="1.0" encoding="UTF-8"?>
<!-- Generated by org.testng.reporters.JUnitXMLReporter -->
<testsuite ignored="0" hostname="DESKTOP-GBHCGTC" failures="0" tests="3" name="Default test" time="7.048" errors="0" timestamp="2025-04-09T21:38:44 EET">
  <testcase classname="TestProject.Testt" name="login" time="2.249"/>
  <testcase classname="TestProject.Testt" name="addItemToThecart" time="2.08"/>
  <testcase classname="TestProject.Testt" name="removeItemFromTheCart" time="0.083"/>
</testsuite> <!-- Default test -->
