<?xml version="1.0" encoding="UTF-8"?>
<!-- Generated by org.testng.reporters.JUnitXMLReporter -->
<testsuite ignored="1" hostname="DESKTOP-GBHCGTC" failures="0" tests="3" name="Default test" time="5.032" errors="0" timestamp="2025-05-06T10:03:45 EET">
  <testcase classname="myClass" name="login" time="0.224"/>
  <testcase classname="myClass" name="addAllItems" time="2.291"/>
  <testcase classname="myClass" name="removeAllItem" time="0.269"/>
  <testcase classname="myClass" name="logout" time="0.0">
    <ignored/>
  </testcase> <!-- logout -->
</testsuite> <!-- Default test -->
