<?xml version="1.0" encoding="UTF-8"?>
<testng-results ignored="0" total="1" passed="1" failed="0" skipped="0">
  <reporter-output>
  </reporter-output>
  <suite started-at="2025-05-03T09:57:31 EET" name="Default suite" finished-at="2025-05-03T09:57:32 EET" duration-ms="49">
    <groups>
    </groups>
    <test started-at="2025-05-03T09:57:31 EET" name="Default test" finished-at="2025-05-03T09:57:32 EET" duration-ms="49">
      <class name="sumayatwo.sumayatwo.AppTest">
        <test-method signature="mytest()[pri:0, instance:sumayatwo.sumayatwo.AppTest@26d9b808]" started-at="2025-05-03T09:57:32 EET" name="mytest" finished-at="2025-05-03T09:57:32 EET" duration-ms="9" status="PASS">
          <reporter-output>
          </reporter-output>
        </test-method> <!-- mytest -->
      </class> <!-- sumayatwo.sumayatwo.AppTest -->
    </test> <!-- Default test -->
  </suite> <!-- Default suite -->
</testng-results>
