<?xml version="1.0" encoding="UTF-8"?>
<testng-results ignored="0" total="3" passed="3" failed="0" skipped="0">
  <reporter-output>
  </reporter-output>
  <suite started-at="2025-04-09T21:38:36 EET" name="Default suite" finished-at="2025-04-09T21:38:44 EET" duration-ms="7048">
    <groups>
    </groups>
    <test started-at="2025-04-09T21:38:36 EET" name="Default test" finished-at="2025-04-09T21:38:44 EET" duration-ms="7048">
      <class name="TestProject.Testt">
        <test-method is-config="true" signature="mySetup()[pri:0, instance:TestProject.Testt@6622fc65]" started-at="2025-04-09T21:38:36 EET" name="mySetup" finished-at="2025-04-09T21:38:39 EET" duration-ms="2585" status="PASS">
          <reporter-output>
          </reporter-output>
        </test-method> <!-- mySetup -->
        <test-method signature="login()[pri:1, instance:TestProject.Testt@6622fc65]" started-at="2025-04-09T21:38:39 EET" name="login" finished-at="2025-04-09T21:38:41 EET" duration-ms="2249" status="PASS">
          <reporter-output>
          </reporter-output>
        </test-method> <!-- login -->
        <test-method signature="addItemToThecart()[pri:2, instance:TestProject.Testt@6622fc65]" started-at="2025-04-09T21:38:41 EET" name="addItemToThecart" finished-at="2025-04-09T21:38:43 EET" duration-ms="2080" status="PASS">
          <reporter-output>
          </reporter-output>
        </test-method> <!-- addItemToThecart -->
        <test-method signature="removeItemFromTheCart()[pri:3, instance:TestProject.Testt@6622fc65]" started-at="2025-04-09T21:38:43 EET" name="removeItemFromTheCart" finished-at="2025-04-09T21:38:44 EET" duration-ms="83" status="PASS">
          <reporter-output>
          </reporter-output>
        </test-method> <!-- removeItemFromTheCart -->
        <test-method is-config="true" signature="myAfterTest()[pri:0, instance:TestProject.Testt@6622fc65]" started-at="2025-04-09T21:38:44 EET" name="myAfterTest" finished-at="2025-04-09T21:38:44 EET" duration-ms="1" status="PASS">
          <reporter-output>
          </reporter-output>
        </test-method> <!-- myAfterTest -->
      </class> <!-- TestProject.Testt -->
    </test> <!-- Default test -->
  </suite> <!-- Default suite -->
</testng-results>
